=========================
Fcitx 5.0.8 -- Get Signal No.: 11
Date: try "date -d @1629360162" if you are using GNU date ***
ProcessID: 134161
fcitx5(+0xd104)[0x5590bcc17104]
/usr/lib/libc.so.6(+0x3cda0)[0x7fa165e15da0]
/usr/lib/libstdc++.so.6(_ZSt11_Hash_bytesPKvmm+0x30)[0x7fa166068300]
/usr/lib/libFcitx5Utils.so.2(+0x2f7d7)[0x7fa16624a7d7]
/usr/lib/libFcitx5Utils.so.2(+0x319b9)[0x7fa16624c9b9]
/usr/lib/libFcitx5Utils.so.2(+0x3f3b4)[0x7fa16625a3b4]
/usr/lib/libsystemd.so.0(+0x4028b)[0x7fa165cd928b]
/usr/lib/libsystemd.so.0(+0x48374)[0x7fa165ce1374]
/usr/lib/libsystemd.so.0(+0x72184)[0x7fa165d0b184]
/usr/lib/libsystemd.so.0(sd_event_dispatch+0x12e)[0x7fa165d0b4be]
/usr/lib/libsystemd.so.0(sd_event_run+0xc9)[0x7fa165d0dcf9]
/usr/lib/libsystemd.so.0(sd_event_loop+0x50)[0x7fa165d0df10]
/usr/lib/libFcitx5Utils.so.2(_ZN5fcitx9EventLoop4execEv+0x12)[0x7fa1662618d2]
/usr/lib/libFcitx5Core.so.7(_ZN5fcitx8Instance4execEv+0x57)[0x7fa16633eeb7]
fcitx5(+0xbf32)[0x5590bcc15f32]
/usr/lib/libc.so.6(__libc_start_main+0xd5)[0x7fa165e00b25]
fcitx5(+0xc38e)[0x5590bcc1638e]
